<?xml version="1.0" encoding="UTF-8"?>
<!-- Generated by org.testng.reporters.JUnitReportReporter -->
<testsuite hostname="Laptop-Gera" failures="0" tests="5" name="eCommerce.Guru99.AppTest" time="3.348" errors="0" timestamp="2023-11-04T22:03:14 PET" skipped="0">
  <testcase classname="eCommerce.Guru99.AppTest" name="verifyTitleHome" time="0.046"/>
  <testcase classname="eCommerce.Guru99.AppTest" name="navegateMobilePage" time="2.165"/>
  <testcase classname="eCommerce.Guru99.AppTest" name="verifyTitleMobile" time="0.025"/>
  <testcase classname="eCommerce.Guru99.AppTest" name="selectProductByName" time="1.033"/>
  <testcase classname="eCommerce.Guru99.AppTest" name="sortForProductName" time="0.079"/>
</testsuite> <!-- eCommerce.Guru99.AppTest -->
